<?xml version="1.0" encoding="UTF-8"?>
<testsuite name="BankAccountTest" tests="5" skipped="0" failures="0" errors="0" timestamp="2021-08-25T19:15:39" hostname="DESKTOP-R44RT2G" time="0.063">
  <properties/>
  <testcase name="testWithdrawalsRemoveFromAccountBalance()" classname="BankAccountTest" time="0.026"/>
  <testcase name="testAccountHoldsABalance()" classname="BankAccountTest" time="0.002"/>
  <testcase name="testTransactionHistoryIsStored()" classname="BankAccountTest" time="0.021"/>
  <testcase name="testAccountCannotBeWithdrawnBelowZero()" classname="BankAccountTest" time="0.009"/>
  <testcase name="testDepositsAddToAccountBalance()" classname="BankAccountTest" time="0.001"/>
  <system-out><![CDATA[]]></system-out>
  <system-err><![CDATA[]]></system-err>
</testsuite>
