<?xml version="1.0" encoding="UTF-8"?>
<testsuite name="BankAccountTest" tests="1" skipped="0" failures="0" errors="0" timestamp="2021-08-24T16:51:44" hostname="DESKTOP-R44RT2G" time="0.022">
  <properties/>
  <testcase name="testAccountHoldsABalance()" classname="BankAccountTest" time="0.022"/>
  <system-out><![CDATA[]]></system-out>
  <system-err><![CDATA[]]></system-err>
</testsuite>
