<?xml version="1.0" encoding="UTF-8"?>
<testsuite name="BankAccountTest" tests="1" skipped="0" failures="0" errors="0" timestamp="2021-08-26T09:03:34" hostname="DESKTOP-R44RT2G" time="0.032">
  <properties/>
  <testcase name="testAccountCannotBeWithdrawnBelowZero()" classname="BankAccountTest" time="0.032"/>
  <system-out><![CDATA[]]></system-out>
  <system-err><![CDATA[]]></system-err>
</testsuite>
